<?xml version="1.0" encoding="utf-8"?><testsuites name="pytest tests"><testsuite name="pytest" errors="0" failures="0" skipped="0" tests="26" time="1.841" timestamp="2026-07-30T08:14:42.671800+00:00" hostname="agent-env-3d351d84-63dc-4ca8-8860-fa66a1267855"><testcase classname="tests.backend_test.TestProtection" name="test_get_health_scan_requires_auth" time="0.259" /><testcase classname="tests.backend_test.TestStatusUpdate" name="test_patch_health_scan_requires_auth" time="0.346" /><testcase classname="tests.backend_test.TestProtection" name="test_get_contact_requires_auth" time="0.042" /><testcase classname="tests.backend_test.TestProtection" name="test_get_health_scan_with_token" time="0.084" /><testcase classname="tests.backend_test.TestProtection" name="test_get_contact_with_token" time="0.043" /><testcase classname="tests.backend_test.TestProtection" name="test_invalid_token_rejected" time="0.040" /><testcase classname="tests.backend_test.TestStatusUpdate" name="test_patch_health_scan_success_and_persist" time="0.323" /><testcase classname="tests.backend_test.TestHealthScan" name="test_create_full_and_persist" time="0.133" /><testcase classname="tests.backend_test.TestHealthScan" name="test_missing_name_returns_422" time="0.044" /><testcase classname="tests.backend_test.TestHealthScan" name="test_missing_phone_returns_422" time="0.042" /><testcase classname="tests.backend_test.TestStatusUpdate" name="test_patch_health_scan_invalid_status" time="0.130" /><testcase classname="tests.backend_test.TestHealthScan" name="test_list_no_mongo_id" time="0.046" /><testcase classname="tests.backend_test.TestAdminLogin" name="test_login_success" time="0.082" /><testcase classname="tests.backend_test.TestStatusUpdate" name="test_patch_health_scan_unknown_id" time="0.044" /><testcase classname="tests.backend_test.TestAdminLogin" name="test_login_wrong_password" time="0.040" /><testcase classname="tests.backend_test.TestStatusUpdate" name="test_patch_contact_requires_auth" time="0.088" /><testcase classname="tests.backend_test.TestAdminLogin" name="test_login_wrong_email" time="0.090" /><testcase classname="tests.backend_test.TestStatusUpdate" name="test_patch_contact_success" time="0.173" /><testcase classname="tests.backend_test.TestContact" name="test_create_and_persist" time="0.090" /><testcase classname="tests.backend_test.TestContact" name="test_missing_name" time="0.041" /><testcase classname="tests.backend_test.TestContact" name="test_missing_phone" time="0.082" /><testcase classname="tests.backend_test.TestStatusUpdate" name="test_patch_contact_invalid_status" time="0.088" /><testcase classname="tests.backend_test.TestPublicPost" name="test_health_scan_post_public_fast" time="0.041" /><testcase classname="tests.backend_test.TestStatusUpdate" name="test_patch_contact_unknown_id" time="0.045" /><testcase classname="tests.backend_test.TestPublicPost" name="test_contact_post_public_fast" time="0.040" /><testcase classname="tests.backend_test" name="test_root" time="0.084" /></testsuite></testsuites>