<?xml version="1.0" encoding="utf-8"?><testsuites name="pytest tests"><testsuite name="pytest" errors="0" failures="0" skipped="0" tests="12" time="1.057" timestamp="2026-07-30T07:58:20.081651+00:00" hostname="agent-env-3d351d84-63dc-4ca8-8860-fa66a1267855"><testcase classname="tests.backend_test.TestContact" name="test_create_and_persist" time="0.227" /><testcase classname="tests.backend_test.TestHealthScan" name="test_create_full_payload_and_persist" time="0.206" /><testcase classname="tests.backend_test.TestHealthScan" name="test_create_minimal_only_name_phone" time="0.042" /><testcase classname="tests.backend_test.TestContact" name="test_missing_name_returns_422" time="0.084" /><testcase classname="tests.backend_test.TestHealthScan" name="test_missing_name_returns_422" time="0.040" /><testcase classname="tests.backend_test.TestHealthScan" name="test_missing_phone_returns_422" time="0.084" /><testcase classname="tests.backend_test.TestContact" name="test_missing_phone_returns_422" time="0.046" /><testcase classname="tests.backend_test.TestContact" name="test_list_sorted_newest_first" time="0.091" /><testcase classname="tests.backend_test.TestHealthScan" name="test_list_sorted_newest_first" time="0.042" /><testcase classname="tests.backend_test" name="test_root" time="0.039" /><testcase classname="tests.backend_test" name="test_health_scan_response_is_fast_email_nonblocking" time="0.045" /><testcase classname="tests.backend_test" name="test_contact_response_is_fast_email_nonblocking" time="0.045" /></testsuite></testsuites>